2022-08-09 15:11:11.222 - DBeaver 22.1.3.202207240747 is starting
2022-08-09 15:11:11.222 - OS: Windows 10 10.0 (amd64)
2022-08-09 15:11:11.222 - Java version: 11.0.12 by Eclipse Foundation (64bit)
2022-08-09 15:11:11.222 - Install path: 'C:\Program Files\DBeaver'
2022-08-09 15:11:11.222 - Instance path: 'file:/C:/Program Files/DBeaver/dbeaver-data-dir/'
2022-08-09 15:11:11.222 - Memory available 128Mb/2024Mb
2022-08-09 15:11:11.253 - Initializing DBeaver 22.1.3
2022-08-09 15:11:11.253 - Host plugin: org.jkiss.dbeaver.ui.app.standalone 22.1.3.202207240747
2022-08-09 15:11:11.253 - Initialize Core...
2022-08-09 15:11:11.378 - BounceCastle bundle found. Use JCE provider BC
> Start Core File Systems [org.eclipse.core.filesystem 1.9.400.v20220419-0658]
> Start Core Resource Management [org.eclipse.core.resources 3.17.0.v20220517-0751]
> Start Team Support Core [org.eclipse.team.core 3.9.400.v20220511-1440]
2022-08-09 15:11:11.597 - Initialize base platform...
> Start DBeaver UI Navigator [org.jkiss.dbeaver.ui.navigator 1.0.86.202207240747]
> Start Expression Language [org.eclipse.core.expressions 3.8.100.v20210910-0640]
2022-08-09 15:11:11.613 - Core initialized (360ms)
2022-08-09 15:11:11.613 - Create display
> Start Eclipse IDE UI [org.eclipse.ui.ide 3.19.0.v20220511-1638]
> Start DBeaver UI Editors - Base [org.jkiss.dbeaver.ui.editors.base 1.0.86.202207240747]
2022-08-09 15:11:11.769 - Starting RMI server at 20828
2022-08-09 15:11:12.113 - Run workbench
> Start Eclipse e4 Workbench SWT [org.eclipse.e4.ui.workbench.swt 0.16.500.v20220506-1520]
> Start Eclipse Application Services [org.eclipse.e4.core.services 2.3.200.v20220513-1235]
> Start Eclipse UI Application Services [org.eclipse.e4.ui.services 1.5.0.v20210115-1333]
> Start EMF XML/XMI Persistence [org.eclipse.emf.ecore.xmi 2.16.0.v20190528-0725]
> Start Eclipse CSS SWT Theme Support [org.eclipse.e4.ui.css.swt.theme 0.13.100.v20220310-1056]
> Start Eclipse e4 Workbench Add-ons [org.eclipse.e4.ui.workbench.addons.swt 1.4.400.v20211102-0453]
> Start Eclipse e4 Workbench SWT Renderer [org.eclipse.e4.ui.workbench.renderers.swt 0.15.500.v20220511-1638]
> Start Eclipse Bindings Support [org.eclipse.e4.ui.bindings 0.13.100.v20210722-1426]
> Start Eclipse Dependency Injection Extensions [org.eclipse.e4.core.di.extensions 0.17.100.v20210910-0640]
> Start Eclipse CSS SWT Support [org.eclipse.e4.ui.css.swt 0.14.500.v20220511-1639]
> Start DBeaver UI [org.jkiss.dbeaver.ui 5.1.101.202207240747]
2022-08-09 15:11:13.644 - Configure workbench window
> Start Help System Core [org.eclipse.help 3.9.100.v20210721-0601]
2022-08-09 15:11:13.722 - Create actions
2022-08-09 15:11:13.722 - Disable Eclipse action set 'org.eclipse.ui.edit.text.actionSet.annotationNavigation'
2022-08-09 15:11:13.722 - Disable Eclipse action set 'org.eclipse.ui.WorkingSetActionSet'
2022-08-09 15:11:13.722 - Disable Eclipse action set 'org.eclipse.ui.actionSet.openFiles'
2022-08-09 15:11:14.222 - Initialize workbench window
2022-08-09 15:11:14.238 - Finish initialization
> Start DBeaver UI Editors - Data [org.jkiss.dbeaver.ui.editors.data 1.0.86.202207240747]
> Start Equinox Java Authentication and Authorization Service (JAAS) [org.eclipse.equinox.security 1.3.900.v20220108-1321]
> Start Internet Connection Management UI [org.eclipse.ui.net 1.4.0.v20210426-0838]
> Start Internet Connection Management [org.eclipse.core.net 1.3.1200.v20220312-1450]
> Start DBeaver SQL Model [org.jkiss.dbeaver.model.sql 1.0.76.202207240747]
2022-08-09 15:11:15.222 - Loading user drivers configuration from 'C:\Program Files\DBeaver\dbeaver-data-dir\.metadata\.plugins\org.jkiss.dbeaver.core\drivers.xml'
2022-08-09 15:11:15.238 - Total database drivers: 100 (100)
> Start DBeaver Sample Database [org.jkiss.dbeaver.ext.sample.database 1.0.123.202207240747]
> Start DBeaver Tip of the day [org.jkiss.dbeaver.ext.ui.tipoftheday 1.0.92.202207240747]
> Start Draw2d [org.eclipse.draw2dl 3.12.100.20220506142945]
> Start GEF3 GEF (MVC) [org.eclipse.gef3 3.12.100.20220506142945]
> Start DBeaver ERD UI [org.jkiss.dbeaver.erd.ui 3.0.46.202207240747]
> Start DBeaver ERD Model [org.jkiss.dbeaver.erd.model 1.0.46.202207240747]
> Start DBeaver UI Editors - SQL [org.jkiss.dbeaver.ui.editors.sql 1.0.86.202207240747]
> Start Default Text Editor [org.eclipse.ui.editors 3.14.300.v20210913-0815]
> Start Text Editor Framework [org.eclipse.ui.workbench.texteditor 3.16.500.v20220331-0848]
> Start DBeaver Oracle Support [org.jkiss.dbeaver.ext.oracle 2.1.171.202207240747]
> Start DBeaver UI Editors - Connections [org.jkiss.dbeaver.ui.editors.connection 1.0.77.202207240747]
2022-08-09 15:11:50.722 - DBeaver is stopping
2022-08-09 15:11:50.722 - Stop RMI server
2022-08-09 15:11:50.722 - RMI controller has been stopped
2022-08-09 15:11:50.754 - DBeaver shutdown completed
